Determining if the pthread_create exist failed with the following output:
Change Dir: /root/approxmc/build/CMakeFiles/CMakeTmp

Run Build Command:"/usr/bin/make" "cmTC_02207/fast"
/usr/bin/make -f CMakeFiles/cmTC_02207.dir/build.make CMakeFiles/cmTC_02207.dir/build
make[1]: Entering directory '/root/approxmc/build/CMakeFiles/CMakeTmp'
Building C object CMakeFiles/cmTC_02207.dir/CheckSymbolExists.c.o
/usr/bin/cc    -o CMakeFiles/cmTC_02207.dir/CheckSymbolExists.c.o   -c /root/approxmc/build/CMakeFiles/CMakeTmp/CheckSymbolExists.c
Linking C executable cmTC_02207
/usr/bin/cmake -E cmake_link_script CMakeFiles/cmTC_02207.dir/link.txt --verbose=1
/usr/bin/cc      -rdynamic CMakeFiles/cmTC_02207.dir/CheckSymbolExists.c.o  -o cmTC_02207 
CMakeFiles/cmTC_02207.dir/CheckSymbolExists.c.o: In function `main':
CheckSymbolExists.c:(.text+0x1b): undefined reference to `pthread_create'
collect2: error: ld returned 1 exit status
CMakeFiles/cmTC_02207.dir/build.make:97: recipe for target 'cmTC_02207' failed
make[1]: *** [cmTC_02207] Error 1
make[1]: Leaving directory '/root/approxmc/build/CMakeFiles/CMakeTmp'
Makefile:126: recipe for target 'cmTC_02207/fast' failed
make: *** [cmTC_02207/fast] Error 2

File /root/approxmc/build/CMakeFiles/CMakeTmp/CheckSymbolExists.c:
/* */
#include <pthread.h>

int main(int argc, char** argv)
{
  (void)argv;
#ifndef pthread_create
  return ((int*)(&pthread_create))[argc];
#else
  (void)argc;
  return 0;
#endif
}

Performing C++ SOURCE FILE Test HAVE_FLAG_-Wheader-guard failed with the following output:
Change Dir: /root/approxmc/build/CMakeFiles/CMakeTmp

Run Build Command:"/usr/bin/make" "cmTC_58df6/fast"
/usr/bin/make -f CMakeFiles/cmTC_58df6.dir/build.make CMakeFiles/cmTC_58df6.dir/build
make[1]: Entering directory '/root/approxmc/build/CMakeFiles/CMakeTmp'
Building CXX object CMakeFiles/cmTC_58df6.dir/src.cxx.o
/usr/bin/c++    -Wall -Wextra -Wunused -Wsign-compare -fno-omit-frame-pointer -Wtype-limits -Wuninitialized -Wno-deprecated -Wstrict-aliasing -Wpointer-arith -DHAVE_FLAG_-Wheader-guard   -Wheader-guard -o CMakeFiles/cmTC_58df6.dir/src.cxx.o -c /root/approxmc/build/CMakeFiles/CMakeTmp/src.cxx
c++: error: unrecognized command line option '-Wheader-guard'
CMakeFiles/cmTC_58df6.dir/build.make:65: recipe for target 'CMakeFiles/cmTC_58df6.dir/src.cxx.o' failed
make[1]: *** [CMakeFiles/cmTC_58df6.dir/src.cxx.o] Error 1
make[1]: Leaving directory '/root/approxmc/build/CMakeFiles/CMakeTmp'
Makefile:126: recipe for target 'cmTC_58df6/fast' failed
make: *** [cmTC_58df6/fast] Error 2

Source file was:
int main() { return 0; }
Performing C++ SOURCE FILE Test HAVE_FLAG_-Wno-bitfield-constant-conversion failed with the following output:
Change Dir: /root/approxmc/build/CMakeFiles/CMakeTmp

Run Build Command:"/usr/bin/make" "cmTC_b9a46/fast"
/usr/bin/make -f CMakeFiles/cmTC_b9a46.dir/build.make CMakeFiles/cmTC_b9a46.dir/build
make[1]: Entering directory '/root/approxmc/build/CMakeFiles/CMakeTmp'
Building CXX object CMakeFiles/cmTC_b9a46.dir/src.cxx.o
/usr/bin/c++    -Wall -Wextra -Wunused -Wsign-compare -fno-omit-frame-pointer -Wtype-limits -Wuninitialized -Wno-deprecated -Wstrict-aliasing -Wpointer-arith -fvisibility=hidden -Wpointer-arith -Wformat-nonliteral -Winit-self -Wparentheses -Wunreachable-code -ggdb3 -DHAVE_FLAG_-Wno-bitfield-constant-conversion   -Wno-bitfield-constant-conversion -o CMakeFiles/cmTC_b9a46.dir/src.cxx.o -c /root/approxmc/build/CMakeFiles/CMakeTmp/src.cxx
<command-line>:0:11: warning: ISO C++11 requires whitespace after the macro name
cc1plus: warning: unrecognized command line option '-Wno-bitfield-constant-conversion'
Linking CXX executable cmTC_b9a46
/usr/bin/cmake -E cmake_link_script CMakeFiles/cmTC_b9a46.dir/link.txt --verbose=1
/usr/bin/c++   -Wall -Wextra -Wunused -Wsign-compare -fno-omit-frame-pointer -Wtype-limits -Wuninitialized -Wno-deprecated -Wstrict-aliasing -Wpointer-arith -fvisibility=hidden -Wpointer-arith -Wformat-nonliteral -Winit-self -Wparentheses -Wunreachable-code -ggdb3 -DHAVE_FLAG_-Wno-bitfield-constant-conversion    -Wl,--discard-all -Wl,--build-id=sha1  -rdynamic CMakeFiles/cmTC_b9a46.dir/src.cxx.o  -o cmTC_b9a46 
make[1]: Leaving directory '/root/approxmc/build/CMakeFiles/CMakeTmp'

Source file was:
int main() { return 0; }
Performing C++ SOURCE FILE Test HAVE_FLAG_-Wjump-misses-init failed with the following output:
Change Dir: /root/approxmc/build/CMakeFiles/CMakeTmp

Run Build Command:"/usr/bin/make" "cmTC_25783/fast"
/usr/bin/make -f CMakeFiles/cmTC_25783.dir/build.make CMakeFiles/cmTC_25783.dir/build
make[1]: Entering directory '/root/approxmc/build/CMakeFiles/CMakeTmp'
Building CXX object CMakeFiles/cmTC_25783.dir/src.cxx.o
/usr/bin/c++    -Wall -Wextra -Wunused -Wsign-compare -fno-omit-frame-pointer -Wtype-limits -Wuninitialized -Wno-deprecated -Wstrict-aliasing -Wpointer-arith -fvisibility=hidden -Wpointer-arith -Wformat-nonliteral -Winit-self -Wparentheses -Wunreachable-code -ggdb3 -Wlogical-op -Wrestrict -Wnull-dereference -DHAVE_FLAG_-Wjump-misses-init   -Wjump-misses-init -o CMakeFiles/cmTC_25783.dir/src.cxx.o -c /root/approxmc/build/CMakeFiles/CMakeTmp/src.cxx
cc1plus: warning: command line option '-Wjump-misses-init' is valid for C/ObjC but not for C++
<command-line>:0:11: warning: ISO C++11 requires whitespace after the macro name
Linking CXX executable cmTC_25783
/usr/bin/cmake -E cmake_link_script CMakeFiles/cmTC_25783.dir/link.txt --verbose=1
/usr/bin/c++   -Wall -Wextra -Wunused -Wsign-compare -fno-omit-frame-pointer -Wtype-limits -Wuninitialized -Wno-deprecated -Wstrict-aliasing -Wpointer-arith -fvisibility=hidden -Wpointer-arith -Wformat-nonliteral -Winit-self -Wparentheses -Wunreachable-code -ggdb3 -Wlogical-op -Wrestrict -Wnull-dereference -DHAVE_FLAG_-Wjump-misses-init    -Wl,--discard-all -Wl,--build-id=sha1  -rdynamic CMakeFiles/cmTC_25783.dir/src.cxx.o  -o cmTC_25783 
make[1]: Leaving directory '/root/approxmc/build/CMakeFiles/CMakeTmp'

Source file was:
int main() { return 0; }
Performing C++ SOURCE FILE Test HAVE_FLAG_-Wextra-semi failed with the following output:
Change Dir: /root/approxmc/build/CMakeFiles/CMakeTmp

Run Build Command:"/usr/bin/make" "cmTC_8e57c/fast"
/usr/bin/make -f CMakeFiles/cmTC_8e57c.dir/build.make CMakeFiles/cmTC_8e57c.dir/build
make[1]: Entering directory '/root/approxmc/build/CMakeFiles/CMakeTmp'
Building CXX object CMakeFiles/cmTC_8e57c.dir/src.cxx.o
/usr/bin/c++    -Wall -Wextra -Wunused -Wsign-compare -fno-omit-frame-pointer -Wtype-limits -Wuninitialized -Wno-deprecated -Wstrict-aliasing -Wpointer-arith -fvisibility=hidden -Wpointer-arith -Wformat-nonliteral -Winit-self -Wparentheses -Wunreachable-code -ggdb3 -Wlogical-op -Wrestrict -Wnull-dereference -Wdouble-promotion -Wshadow -Wformat=2 -DHAVE_FLAG_-Wextra-semi   -Wextra-semi -o CMakeFiles/cmTC_8e57c.dir/src.cxx.o -c /root/approxmc/build/CMakeFiles/CMakeTmp/src.cxx
c++: error: unrecognized command line option '-Wextra-semi'; did you mean '-Wextra'?
CMakeFiles/cmTC_8e57c.dir/build.make:65: recipe for target 'CMakeFiles/cmTC_8e57c.dir/src.cxx.o' failed
make[1]: *** [CMakeFiles/cmTC_8e57c.dir/src.cxx.o] Error 1
make[1]: Leaving directory '/root/approxmc/build/CMakeFiles/CMakeTmp'
Makefile:126: recipe for target 'cmTC_8e57c/fast' failed
make: *** [cmTC_8e57c/fast] Error 2

Source file was:
int main() { return 0; }
